0 info it worked if it ends with ok
1 verbose cli [ '/usr/local/Cellar/node/10.1.0/bin/node',
1 verbose cli   '/usr/local/bin/npm',
1 verbose cli   'run',
1 verbose cli   'test',
1 verbose cli   'src/__tests__/auth/ResetPassword.spec.js',
1 verbose cli   '--no-cache' ]
2 info using npm@5.6.0
3 info using node@v10.1.0
4 verbose run-script [ 'pretest', 'test', 'posttest' ]
5 info lifecycle the_business_center@0.1.0~pretest: the_business_center@0.1.0
6 info lifecycle the_business_center@0.1.0~test: the_business_center@0.1.0
7 verbose lifecycle the_business_center@0.1.0~test: unsafe-perm in lifecycle true
8 verbose lifecycle the_business_center@0.1.0~test: PATH: /usr/local/lib/node_modules/npm/node_modules/npm-lifecycle/node-gyp-bin:/Users/dondrzzy/projects/react/tbc/node_modules/.bin:/usr/local/bin:/usr/bin:/bin:/usr/sbin:/sbin:/Users/dondrzzy/Library/Python/2.7/bin
9 verbose lifecycle the_business_center@0.1.0~test: CWD: /Users/dondrzzy/projects/react/tbc
10 silly lifecycle the_business_center@0.1.0~test: Args: [ '-c',
10 silly lifecycle   'react-scripts test --env=jsdom "src/__tests__/auth/ResetPassword.spec.js"' ]
11 silly lifecycle the_business_center@0.1.0~test: Returned: code: 1  signal: null
12 info lifecycle the_business_center@0.1.0~test: Failed to exec test script
13 verbose stack Error: the_business_center@0.1.0 test: `react-scripts test --env=jsdom "src/__tests__/auth/ResetPassword.spec.js"`
13 verbose stack Exit status 1
13 verbose stack     at EventEmitter.<anonymous> (/usr/local/lib/node_modules/npm/node_modules/npm-lifecycle/index.js:285:16)
13 verbose stack     at EventEmitter.emit (events.js:182:13)
13 verbose stack     at ChildProcess.<anonymous> (/usr/local/lib/node_modules/npm/node_modules/npm-lifecycle/lib/spawn.js:55:14)
13 verbose stack     at ChildProcess.emit (events.js:182:13)
13 verbose stack     at maybeClose (internal/child_process.js:957:16)
13 verbose stack     at Process.ChildProcess._handle.onexit (internal/child_process.js:246:5)
14 verbose pkgid the_business_center@0.1.0
15 verbose cwd /Users/dondrzzy/projects/react/tbc
16 verbose Darwin 17.4.0
17 verbose argv "/usr/local/Cellar/node/10.1.0/bin/node" "/usr/local/bin/npm" "run" "test" "src/__tests__/auth/ResetPassword.spec.js" "--no-cache"
18 verbose node v10.1.0
19 verbose npm  v5.6.0
20 error code ELIFECYCLE
21 error errno 1
22 error the_business_center@0.1.0 test: `react-scripts test --env=jsdom "src/__tests__/auth/ResetPassword.spec.js"`
22 error Exit status 1
23 error Failed at the the_business_center@0.1.0 test script.
23 error This is probably not a problem with npm. There is likely additional logging output above.
24 verbose exit [ 1, true ]
